{
  "RSpec": {
    "coverage": {
      "/home/emmanu/Workspace/blog-task/app/helpers/devise_request_spec_helpers.rb": {
        "lines": [
          1,
          1,
          null,
          1,
          0,
          0,
          0,
          null,
          null
        ]
      },
      "/home/emmanu/Workspace/blog-task/app/controllers/application_controller.rb": {
        "lines": [
          1,
          1,
          null,
          1,
          null,
          1,
          1,
          null,
          1,
          0,
          0,
          0,
          0,
          0,
          null,
          null,
          null,
          1,
          null,
          1,
          31,
          null,
          null,
          1,
          23,
          23,
          null,
          null
        ]
      },
      "/home/emmanu/Workspace/blog-task/app/controllers/articles_controller.rb": {
        "lines": [
          1,
          1,
          1,
          1,
          null,
          null,
          1,
          8,
          8,
          null,
          null,
          null,
          1,
          null,
          null,
          1,
          0,
          null,
          null,
          null,
          1,
          null,
          null,
          1,
          0,
          null,
          0,
          0,
          0,
          0,
          null,
          0,
          0,
          null,
          null,
          null,
          null,
          null,
          1,
          0,
          0,
          0,
          0,
          null,
          0,
          0,
          null,
          null,
          null,
          null,
          null,
          1,
          0,
          null,
          0,
          0,
          0,
          null,
          null,
          null,
          1,
          null,
          null,
          1,
          0,
          null,
          null,
          null,
          1,
          0,
          null,
          null
        ]
      },
      "/home/emmanu/Workspace/blog-task/app/controllers/concerns/filterable.rb": {
        "lines": [
          1,
          1,
          8,
          null,
          null,
          1,
          null,
          1,
          8,
          null,
          null,
          1,
          8,
          null,
          null
        ]
      },
      "/home/emmanu/Workspace/blog-task/app/models/article.rb": {
        "lines": [
          1,
          1,
          null,
          1,
          1,
          null,
          1,
          1,
          null,
          1,
          1,
          1,
          null,
          9,
          null,
          1,
          8,
          null,
          null,
          null
        ]
      },
      "/home/emmanu/Workspace/blog-task/app/models/ability.rb": {
        "lines": [
          1,
          1,
          null,
          1,
          8,
          8,
          0,
          0,
          0,
          0,
          0,
          null,
          8,
          8,
          8,
          null,
          null,
          null
        ]
      },
      "/home/emmanu/Workspace/blog-task/app/models/comment.rb": {
        "lines": [
          1,
          1,
          null,
          1,
          1,
          1,
          1,
          null,
          1,
          null,
          1,
          0,
          null,
          null,
          1,
          0,
          null,
          1,
          0,
          null,
          null,
          null,
          1,
          0,
          null,
          null
        ]
      },
      "/home/emmanu/Workspace/blog-task/app/models/emote.rb": {
        "lines": [
          1,
          1,
          1,
          null
        ]
      },
      "/home/emmanu/Workspace/blog-task/app/presenters/avatar_presenter.rb": {
        "lines": [
          null,
          1,
          1,
          1,
          null,
          null,
          1,
          16,
          null,
          null,
          1,
          null,
          1,
          16,
          null,
          null,
          1,
          16,
          0,
          null,
          14,
          null,
          null,
          null,
          1,
          null,
          null,
          1,
          16,
          16,
          16,
          16,
          14,
          null,
          0,
          null,
          null,
          null,
          1,
          0,
          0,
          0,
          null,
          null,
          1,
          14,
          14,
          14,
          null,
          null,
          null,
          1,
          16,
          null,
          null,
          1,
          28,
          null,
          null,
          1,
          28,
          null,
          null,
          1,
          null,
          14,
          null,
          null,
          null,
          null,
          null,
          null,
          null,
          14,
          null,
          null
        ]
      },
      "/home/emmanu/Workspace/blog-task/app/channels/application_cable/connection.rb": {
        "lines": [
          1,
          1,
          1,
          null,
          1,
          6,
          6,
          null,
          null,
          1,
          null,
          1,
          6,
          6,
          null,
          0,
          null,
          null,
          null,
          null
        ]
      }
    },
    "timestamp": 1654776925
  }
}
